<?xml version="1.0" encoding="UTF-8"?>
<!-- Generated by org.testng.reporters.JUnitReportReporter -->
<testsuite hostname="micheal-fekri" failures="0" tests="4" name="TestNGDEMO_CODE.Registration_Improvement" time="11.494" errors="0" timestamp="2024-12-10T12:18:30 EET" skipped="0">
  <testcase classname="TestNGDEMO_CODE.Registration_Improvement" name="HomePage" time="2.525"/>
  <testcase classname="TestNGDEMO_CODE.Registration_Improvement" name="Verify_RegisteredUser" time="2.025"/>
  <testcase classname="TestNGDEMO_CODE.Registration_Improvement" name="Delete_Account" time="3.245"/>
  <testcase classname="TestNGDEMO_CODE.Registration_Improvement" name="Register_Page" time="3.699"/>
</testsuite> <!-- TestNGDEMO_CODE.Registration_Improvement -->
