<?xml version="1.0" encoding="UTF-8"?>
<!-- Generated by org.testng.reporters.JUnitReportReporter -->
<testsuite hostname="micheal-fekri" failures="0" tests="3" name="TestngDemo" time="0.008" errors="0" timestamp="2024-12-05T23:49:03 EET" skipped="0">
  <testcase classname="TestngDemo" name="test2" time="0.000"/>
  <testcase classname="TestngDemo" name="test1" time="0.008"/>
  <testcase classname="TestngDemo" name="test3" time="0.000"/>
</testsuite> <!-- TestngDemo -->
