<?xml version="1.0" encoding="UTF-8"?>
<!-- Generated by org.testng.reporters.JUnitReportReporter -->
<testsuite hostname="micheal-fekri" failures="0" tests="1" name="DemoPackage.Demo2" time="14.977" errors="0" timestamp="2024-12-09T20:06:26 EET" skipped="0">
  <testcase classname="DemoPackage.Demo2" name="verifyUserRegistrationAndDeletion" time="14.977"/>
</testsuite> <!-- DemoPackage.Demo2 -->
